[debug] [2025-02-06T06:17:03.904Z] ----------------------------------------------------------------------
[debug] [2025-02-06T06:17:03.906Z] Command:       /usr/local/bin/node /Users/mac/.npm-packages/bin/firebase deploy
[debug] [2025-02-06T06:17:03.906Z] CLI Version:   13.30.0
[debug] [2025-02-06T06:17:03.906Z] Platform:      darwin
[debug] [2025-02-06T06:17:03.906Z] Node Version:  v21.2.0
[debug] [2025-02-06T06:17:03.906Z] Time:          Thu Feb 06 2025 13:17:03 GMT+0700 (Indochina Time)
[debug] [2025-02-06T06:17:03.906Z] ----------------------------------------------------------------------
[debug] 
[debug] [2025-02-06T06:17:03.993Z] > command requires scopes: ["email","openid","https://www.googleapis.com/auth/cloudplatformprojects.readonly","https://www.googleapis.com/auth/firebase","https://www.googleapis.com/auth/cloud-platform"]
[debug] [2025-02-06T06:17:03.994Z] > authorizing via signed-in user (khwan.nontawichit@gmail.com)
[debug] [2025-02-06T06:17:03.994Z] [iam] checking project portfolio-80251 for permissions ["firebase.projects.get","firebasehosting.sites.update"]
[debug] [2025-02-06T06:17:03.994Z] Checked if tokens are valid: false, expires at: 1703739208833
[debug] [2025-02-06T06:17:03.994Z] Checked if tokens are valid: false, expires at: 1703739208833
[debug] [2025-02-06T06:17:03.994Z] > refreshing access token with scopes: []
[debug] [2025-02-06T06:17:03.995Z] >>> [apiv2][query] POST https://www.googleapis.com/oauth2/v3/token [none]
[debug] [2025-02-06T06:17:03.995Z] >>> [apiv2][body] POST https://www.googleapis.com/oauth2/v3/token [omitted]
[debug] [2025-02-06T06:17:04.337Z] <<< [apiv2][status] POST https://www.googleapis.com/oauth2/v3/token 400
[debug] [2025-02-06T06:17:04.337Z] <<< [apiv2][body] POST https://www.googleapis.com/oauth2/v3/token [omitted]
[debug] [2025-02-06T06:17:04.338Z] >>> [apiv2][query] POST https://cloudresourcemanager.googleapis.com/v1/projects/portfolio-80251:testIamPermissions [none]
[debug] [2025-02-06T06:17:04.338Z] >>> [apiv2][(partial)header] POST https://cloudresourcemanager.googleapis.com/v1/projects/portfolio-80251:testIamPermissions x-goog-quota-user=projects/portfolio-80251
[debug] [2025-02-06T06:17:04.338Z] >>> [apiv2][body] POST https://cloudresourcemanager.googleapis.com/v1/projects/portfolio-80251:testIamPermissions {"permissions":["firebase.projects.get","firebasehosting.sites.update"]}
[debug] [2025-02-06T06:17:05.577Z] <<< [apiv2][status] POST https://cloudresourcemanager.googleapis.com/v1/projects/portfolio-80251:testIamPermissions 401
[debug] [2025-02-06T06:17:05.577Z] <<< [apiv2][body] POST https://cloudresourcemanager.googleapis.com/v1/projects/portfolio-80251:testIamPermissions {"error":{"code":401,"message":"Request had invalid authentication credentials. Expected OAuth 2 access token, login cookie or other valid authentication credential. See https://developers.google.com/identity/sign-in/web/devconsole-project.","status":"UNAUTHENTICATED","details":[{"@type":"type.googleapis.com/google.rpc.ErrorInfo","reason":"ACCESS_TOKEN_TYPE_UNSUPPORTED","metadata":{"method":"google.cloudresourcemanager.v1.Projects.TestIamPermissions","service":"cloudresourcemanager.googleapis.com"}}]}}
[debug] [2025-02-06T06:17:05.578Z] Got a 401 Unauthenticated error for a call that required authentication. Refreshing tokens.
[debug] [2025-02-06T06:17:05.578Z] Checked if tokens are valid: false, expires at: 1703739208833
[debug] [2025-02-06T06:17:05.578Z] Checked if tokens are valid: false, expires at: 1703739208833
[debug] [2025-02-06T06:17:05.578Z] > refreshing access token with scopes: []
[debug] [2025-02-06T06:17:05.578Z] >>> [apiv2][query] POST https://www.googleapis.com/oauth2/v3/token [none]
[debug] [2025-02-06T06:17:05.579Z] >>> [apiv2][body] POST https://www.googleapis.com/oauth2/v3/token [omitted]
[debug] [2025-02-06T06:17:05.684Z] <<< [apiv2][status] POST https://www.googleapis.com/oauth2/v3/token 400
[debug] [2025-02-06T06:17:05.684Z] <<< [apiv2][body] POST https://www.googleapis.com/oauth2/v3/token [omitted]
[debug] [2025-02-06T06:17:05.686Z] [iam] error while checking permissions, command may fail: Request to https://cloudresourcemanager.googleapis.com/v1/projects/portfolio-80251:testIamPermissions had HTTP Error: 401, Request had invalid authentication credentials. Expected OAuth 2 access token, login cookie or other valid authentication credential. See https://developers.google.com/identity/sign-in/web/devconsole-project.
[debug] [2025-02-06T06:17:05.687Z] Checked if tokens are valid: false, expires at: 1703739208833
[debug] [2025-02-06T06:17:05.687Z] Checked if tokens are valid: false, expires at: 1703739208833
[debug] [2025-02-06T06:17:05.687Z] > refreshing access token with scopes: []
[debug] [2025-02-06T06:17:05.688Z] >>> [apiv2][query] POST https://www.googleapis.com/oauth2/v3/token [none]
[debug] [2025-02-06T06:17:05.688Z] >>> [apiv2][body] POST https://www.googleapis.com/oauth2/v3/token [omitted]
[debug] [2025-02-06T06:17:05.779Z] <<< [apiv2][status] POST https://www.googleapis.com/oauth2/v3/token 400
[debug] [2025-02-06T06:17:05.779Z] <<< [apiv2][body] POST https://www.googleapis.com/oauth2/v3/token [omitted]
[debug] [2025-02-06T06:17:05.780Z] >>> [apiv2][query] GET https://firebase.googleapis.com/v1beta1/projects/portfolio-80251 [none]
[debug] [2025-02-06T06:17:06.966Z] <<< [apiv2][status] GET https://firebase.googleapis.com/v1beta1/projects/portfolio-80251 401
[debug] [2025-02-06T06:17:06.966Z] <<< [apiv2][body] GET https://firebase.googleapis.com/v1beta1/projects/portfolio-80251 {"error":{"code":401,"message":"Request had invalid authentication credentials. Expected OAuth 2 access token, login cookie or other valid authentication credential. See https://developers.google.com/identity/sign-in/web/devconsole-project.","status":"UNAUTHENTICATED"}}
[debug] [2025-02-06T06:17:06.966Z] Got a 401 Unauthenticated error for a call that required authentication. Refreshing tokens.
[debug] [2025-02-06T06:17:06.966Z] Checked if tokens are valid: false, expires at: 1703739208833
[debug] [2025-02-06T06:17:06.966Z] Checked if tokens are valid: false, expires at: 1703739208833
[debug] [2025-02-06T06:17:06.966Z] > refreshing access token with scopes: []
[debug] [2025-02-06T06:17:06.966Z] >>> [apiv2][query] POST https://www.googleapis.com/oauth2/v3/token [none]
[debug] [2025-02-06T06:17:06.966Z] >>> [apiv2][body] POST https://www.googleapis.com/oauth2/v3/token [omitted]
[debug] [2025-02-06T06:17:07.053Z] <<< [apiv2][status] POST https://www.googleapis.com/oauth2/v3/token 400
[debug] [2025-02-06T06:17:07.054Z] <<< [apiv2][body] POST https://www.googleapis.com/oauth2/v3/token [omitted]
[debug] [2025-02-06T06:17:07.054Z] Request to https://firebase.googleapis.com/v1beta1/projects/portfolio-80251 had HTTP Error: 401, Request had invalid authentication credentials. Expected OAuth 2 access token, login cookie or other valid authentication credential. See https://developers.google.com/identity/sign-in/web/devconsole-project.
[error] 
[error] Error: Assertion failed: resolving hosting target of a site with no site name or target name. This should have caused an error earlier
